Executing: MiniAVC - 1.2.0.6
Assembly: C:\Users\Lonnie\Desktop\Kerbal Space Program_1_6\GameData\000_ClickThroughBlocker\MiniAVC.dll

[Log 02:29:13.4176648]: Starter was created.
Executing: MiniAVC - 1.2.0.6
Assembly: C:\Users\Lonnie\Desktop\Kerbal Space Program_1_6\GameData\000_ClickThroughBlocker\MiniAVC.dll

Executing: MiniAVC - 1.2.0.6
Assembly: C:\Users\Lonnie\Desktop\Kerbal Space Program_1_6\GameData\000_ClickThroughBlocker\MiniAVC.dll

Executing: MiniAVC - 1.2.0.6
Assembly: C:\Users\Lonnie\Desktop\Kerbal Space Program_1_6\GameData\000_ClickThroughBlocker\MiniAVC.dll

Executing: MiniAVC - 1.2.0.6
Assembly: C:\Users\Lonnie\Desktop\Kerbal Space Program_1_6\GameData\000_ClickThroughBlocker\MiniAVC.dll

[Log 02:29:16.4566453]: Starter was destroyed.
[Log 02:29:16.4566453]: Starter was destroyed.
[Log 02:29:16.4566453]: Starter was destroyed.
[Log 02:29:16.4566453]: Starter was destroyed.
Executing: MiniAVC - 1.0.3.2
Assembly: C:\Users\Lonnie\Desktop\Kerbal Space Program_1_6\GameData\ContractPacks\HistoricalProgression\MiniAVC.dll

[Log 02:29:13.4525713]: Starter was created.
[Log 02:29:16.4566453]: Starter was destroyed.
[Exception 02:29:16.4726039]: System.IO.IOException: Sharing violation on path C:\Users\Lonnie\Desktop\Kerbal Space Program_1_6\GameData\000_ClickThroughBlocker\MiniAVC.xml
  at System.IO.FileStream..ctor (System.String path, FileMode mode, FileAccess access, FileShare share, Int32 bufferSize, Boolean anonymous, FileOptions options) [0x00000] in <filename unknown>:0 
  at System.IO.FileStream..ctor (System.String path, FileMode mode) [0x00000] in <filename unknown>:0 
  at MiniAVC.AddonSettings.Load (System.String rootPath) [0x00000] in <filename unknown>:0 
  at MiniAVC.AddonLibrary.ProcessAddonPopulation (System.Object state) [0x00000] in <filename unknown>:0 

[Exception 02:29:16.5224683]: UnityEngine.UnityException: InternalCreateBuffer can only be called from the main thread.
Constructors and field initializers will be executed from the loading thread when loading a scene.
Don't use this function in the constructor or field initializers, instead move initialization code to the Awake or Start function.
  at (wrapper managed-to-native) UnityEngine.Networking.DownloadHandler:InternalCreateBuffer ()
  at UnityEngine.Networking.DownloadHandlerBuffer..ctor () [0x00008] in C:\buildslave\unity\build\artifacts\generated\common\modules\UnityWebRequest\DownloadHandlerBindings.gen.cs:195 
  at UnityEngine.Networking.UnityWebRequest.Get (System.String uri) [0x00007] in C:\buildslave\unity\build\Runtime\WebRequest\Managed\WebRequestExtensions.cs:15 
  at UnityEngine.WWW..ctor (System.String url) [0x00009] in C:\buildslave\unity\build\Runtime\WebRequestWWW\UWRWWW.cs:16 
  at MiniAVC.Addon.FetchRemoteInfo () [0x00000] in <filename unknown>:0 
  at MiniAVC.Addon.ProcessRemoteInfo (System.Object state) [0x00000] in <filename unknown>:0 

[Exception 02:29:16.5224683]: UnityEngine.UnityException: InternalCreateBuffer can only be called from the main thread.
Constructors and field initializers will be executed from the loading thread when loading a scene.
Don't use this function in the constructor or field initializers, instead move initialization code to the Awake or Start function.
  at (wrapper managed-to-native) UnityEngine.Networking.DownloadHandler:InternalCreateBuffer ()
  at UnityEngine.Networking.DownloadHandlerBuffer..ctor () [0x00008] in C:\buildslave\unity\build\artifacts\generated\common\modules\UnityWebRequest\DownloadHandlerBindings.gen.cs:195 
  at UnityEngine.Networking.UnityWebRequest.Get (System.String uri) [0x00007] in C:\buildslave\unity\build\Runtime\WebRequest\Managed\WebRequestExtensions.cs:15 
  at UnityEngine.WWW..ctor (System.String url) [0x00009] in C:\buildslave\unity\build\Runtime\WebRequestWWW\UWRWWW.cs:16 
  at MiniAVC.Addon.FetchRemoteInfo () [0x00000] in <filename unknown>:0 
  at MiniAVC.Addon.ProcessRemoteInfo (System.Object state) [0x00000] in <filename unknown>:0 

[Exception 02:29:16.5224683]: UnityEngine.UnityException: InternalCreateBuffer can only be called from the main thread.
Constructors and field initializers will be executed from the loading thread when loading a scene.
Don't use this function in the constructor or field initializers, instead move initialization code to the Awake or Start function.
  at (wrapper managed-to-native) UnityEngine.Networking.DownloadHandler:InternalCreateBuffer ()
  at UnityEngine.Networking.DownloadHandlerBuffer..ctor () [0x00008] in C:\buildslave\unity\build\artifacts\generated\common\modules\UnityWebRequest\DownloadHandlerBindings.gen.cs:195 
  at UnityEngine.Networking.UnityWebRequest.Get (System.String uri) [0x00007] in C:\buildslave\unity\build\Runtime\WebRequest\Managed\WebRequestExtensions.cs:15 
  at UnityEngine.WWW..ctor (System.String url) [0x00009] in C:\buildslave\unity\build\Runtime\WebRequestWWW\UWRWWW.cs:16 
  at MiniAVC.Addon.FetchRemoteInfo () [0x00000] in <filename unknown>:0 
  at MiniAVC.Addon.ProcessRemoteInfo (System.Object state) [0x00000] in <filename unknown>:0 

[Exception 02:29:16.5224683]: UnityEngine.UnityException: InternalCreateBuffer can only be called from the main thread.
Constructors and field initializers will be executed from the loading thread when loading a scene.
Don't use this function in the constructor or field initializers, instead move initialization code to the Awake or Start function.
  at (wrapper managed-to-native) UnityEngine.Networking.DownloadHandler:InternalCreateBuffer ()
  at UnityEngine.Networking.DownloadHandlerBuffer..ctor () [0x00008] in C:\buildslave\unity\build\artifacts\generated\common\modules\UnityWebRequest\DownloadHandlerBindings.gen.cs:195 
  at UnityEngine.Networking.UnityWebRequest.Get (System.String uri) [0x00007] in C:\buildslave\unity\build\Runtime\WebRequest\Managed\WebRequestExtensions.cs:15 
  at UnityEngine.WWW..ctor (System.String url) [0x00009] in C:\buildslave\unity\build\Runtime\WebRequestWWW\UWRWWW.cs:16 
  at MiniAVC.Addon.FetchRemoteInfo () [0x00000] in <filename unknown>:0 
  at MiniAVC.Addon.ProcessRemoteInfo (System.Object state) [0x00000] in <filename unknown>:0 

[Exception 02:29:16.5224683]: UnityEngine.UnityException: InternalCreateBuffer can only be called from the main thread.
Constructors and field initializers will be executed from the loading thread when loading a scene.
Don't use this function in the constructor or field initializers, instead move initialization code to the Awake or Start function.
  at (wrapper managed-to-native) UnityEngine.Networking.DownloadHandler:InternalCreateBuffer ()
  at UnityEngine.Networking.DownloadHandlerBuffer..ctor () [0x00008] in C:\buildslave\unity\build\artifacts\generated\common\modules\UnityWebRequest\DownloadHandlerBindings.gen.cs:195 
  at UnityEngine.Networking.UnityWebRequest.Get (System.String uri) [0x00007] in C:\buildslave\unity\build\Runtime\WebRequest\Managed\WebRequestExtensions.cs:15 
  at UnityEngine.WWW..ctor (System.String url) [0x00009] in C:\buildslave\unity\build\Runtime\WebRequestWWW\UWRWWW.cs:16 
  at MiniAVC.Addon.FetchRemoteInfo () [0x00000] in <filename unknown>:0 
  at MiniAVC.Addon.ProcessRemoteInfo (System.Object state) [0x00000] in <filename unknown>:0 

[Exception 02:29:16.5234665]: UnityEngine.UnityException: InternalCreateBuffer can only be called from the main thread.
Constructors and field initializers will be executed from the loading thread when loading a scene.
Don't use this function in the constructor or field initializers, instead move initialization code to the Awake or Start function.
  at (wrapper managed-to-native) UnityEngine.Networking.DownloadHandler:InternalCreateBuffer ()
  at UnityEngine.Networking.DownloadHandlerBuffer..ctor () [0x00008] in C:\buildslave\unity\build\artifacts\generated\common\modules\UnityWebRequest\DownloadHandlerBindings.gen.cs:195 
  at UnityEngine.Networking.UnityWebRequest.Get (System.String uri) [0x00007] in C:\buildslave\unity\build\Runtime\WebRequest\Managed\WebRequestExtensions.cs:15 
  at UnityEngine.WWW..ctor (System.String url) [0x00009] in C:\buildslave\unity\build\Runtime\WebRequestWWW\UWRWWW.cs:16 
  at MiniAVC.Addon.FetchRemoteInfo () [0x00000] in <filename unknown>:0 
  at MiniAVC.Addon.ProcessRemoteInfo (System.Object state) [0x00000] in <filename unknown>:0 

[Exception 02:29:16.5234665]: UnityEngine.UnityException: InternalCreateBuffer can only be called from the main thread.
Constructors and field initializers will be executed from the loading thread when loading a scene.
Don't use this function in the constructor or field initializers, instead move initialization code to the Awake or Start function.
  at (wrapper managed-to-native) UnityEngine.Networking.DownloadHandler:InternalCreateBuffer ()
  at UnityEngine.Networking.DownloadHandlerBuffer..ctor () [0x00008] in C:\buildslave\unity\build\artifacts\generated\common\modules\UnityWebRequest\DownloadHandlerBindings.gen.cs:195 
  at UnityEngine.Networking.UnityWebRequest.Get (System.String uri) [0x00007] in C:\buildslave\unity\build\Runtime\WebRequest\Managed\WebRequestExtensions.cs:15 
  at UnityEngine.WWW..ctor (System.String url) [0x00009] in C:\buildslave\unity\build\Runtime\WebRequestWWW\UWRWWW.cs:16 
  at MiniAVC.Addon.FetchRemoteInfo () [0x00000] in <filename unknown>:0 
  at MiniAVC.Addon.ProcessRemoteInfo (System.Object state) [0x00000] in <filename unknown>:0 

[Exception 02:29:16.5234665]: UnityEngine.UnityException: InternalCreateBuffer can only be called from the main thread.
Constructors and field initializers will be executed from the loading thread when loading a scene.
Don't use this function in the constructor or field initializers, instead move initialization code to the Awake or Start function.
  at (wrapper managed-to-native) UnityEngine.Networking.DownloadHandler:InternalCreateBuffer ()
  at UnityEngine.Networking.DownloadHandlerBuffer..ctor () [0x00008] in C:\buildslave\unity\build\artifacts\generated\common\modules\UnityWebRequest\DownloadHandlerBindings.gen.cs:195 
  at UnityEngine.Networking.UnityWebRequest.Get (System.String uri) [0x00007] in C:\buildslave\unity\build\Runtime\WebRequest\Managed\WebRequestExtensions.cs:15 
  at UnityEngine.WWW..ctor (System.String url) [0x00009] in C:\buildslave\unity\build\Runtime\WebRequestWWW\UWRWWW.cs:16 
  at MiniAVC.Addon.FetchRemoteInfo () [0x00000] in <filename unknown>:0 
  at MiniAVC.Addon.ProcessRemoteInfo (System.Object state) [0x00000] in <filename unknown>:0 

[Log 02:29:16.5234665]: C:\Users\Lonnie\Desktop\Kerbal Space Program_1_6\GameData\RCSBuildAid\RCSBuildAid.version
	NAME: RCS Build Aid
	URL: http://ksp.spacetux.net/avc/RCSBuildAid
	DOWNLOAD: https://github.com/linuxgurugamer/RCSBuildAid/releases
	GITHUB: linuxgurugamer/RCSBuildAid
		LatestRelease: NULL
		AllowPreRelease: False
	VERSION: 0.9.7.4
	KSP_VERSION: 1.5.1
	KSP_VERSION_MIN: 1.5.1
	KSP_VERSION_MAX: NULL
	CompatibleKspVersion: False
	CompatibleKspVersionMin: True
	CompatibleKspVersionMax: True
	CompatibleGitHubVersion: True

[Log 02:29:16.5254886]: C:\Users\Lonnie\Desktop\Kerbal Space Program_1_6\GameData\ScienceAlert\ScienceAlert.version
	NAME: ScienceAlert
	URL: http://ksp.spacetux.net/avc/ScienceAlert
	DOWNLOAD: https://spacedock.info/mod/1886/ScienceAlert%20ReAlerted
	GITHUB: linuxgurugamer/ScienceAlert
		LatestRelease: NULL
		AllowPreRelease: False
	VERSION: 1.9.5.3
	KSP_VERSION: 1.5.1
	KSP_VERSION_MIN: 1.5.1
	KSP_VERSION_MAX: NULL
	CompatibleKspVersion: False
	CompatibleKspVersionMin: True
	CompatibleKspVersionMax: True
	CompatibleGitHubVersion: True

[Log 02:29:16.5254886]: C:\Users\Lonnie\Desktop\Kerbal Space Program_1_6\GameData\KerbalEngineer\KerbalEngineer.version
	NAME: Kerbal Engineer Redux
	URL: https://raw.githubusercontent.com/jrbudda/KerbalEngineer/master/Output/KerbalEngineer/KerbalEngineer.version
	DOWNLOAD: https://github.com/jrbudda/KerbalEngineer/releases
	GITHUB: NULL
	VERSION: 1.1.5.7
	KSP_VERSION: 1.6.1
	KSP_VERSION_MIN: 1.4
	KSP_VERSION_MAX: 1.6.9
	CompatibleKspVersion: True
	CompatibleKspVersionMin: True
	CompatibleKspVersionMax: True
	CompatibleGitHubVersion: True

[Log 02:29:16.5254886]: C:\Users\Lonnie\Desktop\Kerbal Space Program_1_6\GameData\ContractPacks\HistoricalProgression\HistoricalProgression.version
	NAME: Contract Pack: Historical Progression
	URL: http://ksp-avc.cybutek.net/version.php?id=321
	DOWNLOAD: http://spacedock.info/mod/829/Contract%20Pack:%20Historical%20Progression
	GITHUB: NULL
	VERSION: 1.6
	KSP_VERSION: 1.2.2
	KSP_VERSION_MIN: 1.2
	KSP_VERSION_MAX: 1.2.99
	CompatibleKspVersion: False
	CompatibleKspVersionMin: True
	CompatibleKspVersionMax: False
	CompatibleGitHubVersion: True

[Log 02:29:16.5254886]: C:\Users\Lonnie\Desktop\Kerbal Space Program_1_6\GameData\000_Toolbar\Toolbar.version
	NAME: Toolbar
	URL: http://ksp.spacetux.net/avc/Toolbar
	DOWNLOAD: https://github.com/linuxgurugamer/ksp_toolbar/releases
	GITHUB: linuxgurugamer/ksp_toolbar
		LatestRelease: NULL
		AllowPreRelease: False
	VERSION: 1.7.17.15
	KSP_VERSION: 1.4.5
	KSP_VERSION_MIN: NULL
	KSP_VERSION_MAX: NULL
	CompatibleKspVersion: False
	CompatibleKspVersionMin: True
	CompatibleKspVersionMax: True
	CompatibleGitHubVersion: True

[Log 02:29:16.5254886]: C:\Users\Lonnie\Desktop\Kerbal Space Program_1_6\GameData\001_ToolbarControl\ToolbarControl.version
	NAME: ToolbarControl
	URL: http://ksp.spacetux.net/avc/ToolbarControl
	DOWNLOAD: https://github.com/linuxgurugamer/ToolbarControl/releases
	GITHUB: linuxgurugamer/ToolbarControl
		LatestRelease: NULL
		AllowPreRelease: False
	VERSION: 0.1.6.20
	KSP_VERSION: 1.5.1
	KSP_VERSION_MIN: 1.5.1
	KSP_VERSION_MAX: NULL
	CompatibleKspVersion: False
	CompatibleKspVersionMin: True
	CompatibleKspVersionMax: True
	CompatibleGitHubVersion: True

[Log 02:29:16.5254886]: C:\Users\Lonnie\Desktop\Kerbal Space Program_1_6\GameData\000_ClickThroughBlocker\ClickThroughBlocker.version
	NAME: ClickThroughBlocker
	URL: http://ksp.spacetux.net/avc/ClickThroughBlocker
	DOWNLOAD: https://github.com/linuxgurugamer/ClickThroughBlocker/releases
	GITHUB: linuxgurugamer/ClickThroughBlocker
		LatestRelease: NULL
		AllowPreRelease: False
	VERSION: 0.1.6.10
	KSP_VERSION: 1.5.1
	KSP_VERSION_MIN: 1.5.1
	KSP_VERSION_MAX: NULL
	CompatibleKspVersion: False
	CompatibleKspVersionMin: True
	CompatibleKspVersionMax: True
	CompatibleGitHubVersion: True

[Log 02:29:16.5254886]: C:\Users\Lonnie\Desktop\Kerbal Space Program_1_6\GameData\[x] Science!\[x] Science!.version
	NAME: [x] Science!
	URL: https://themoose.co.uk/ksp/%5Bx%5D%20Science!.version
	DOWNLOAD: https://themoose.co.uk/ksp/downloads.html
	GITHUB: NULL
	VERSION: 5.19
	KSP_VERSION: 1.6
	KSP_VERSION_MIN: NULL
	KSP_VERSION_MAX: NULL
	CompatibleKspVersion: False
	CompatibleKspVersionMin: True
	CompatibleKspVersionMax: True
	CompatibleGitHubVersion: True

Executing: MiniAVC - 1.0.3.0
Assembly: C:\Users\Lonnie\Desktop\Kerbal Space Program_1_6\GameData\[x] Science!\MiniAVC.dll

[Log 02:29:13.5055154]: Starter was created.
[Exception 02:29:16.5075091]: UnityEngine.UnityException: InternalCreateBuffer can only be called from the main thread.
Constructors and field initializers will be executed from the loading thread when loading a scene.
Don't use this function in the constructor or field initializers, instead move initialization code to the Awake or Start function.
  at (wrapper managed-to-native) UnityEngine.Networking.DownloadHandler:InternalCreateBuffer ()
  at UnityEngine.Networking.DownloadHandlerBuffer..ctor () [0x00008] in C:\buildslave\unity\build\artifacts\generated\common\modules\UnityWebRequest\DownloadHandlerBindings.gen.cs:195 
  at UnityEngine.Networking.UnityWebRequest.Get (System.String uri) [0x00007] in C:\buildslave\unity\build\Runtime\WebRequest\Managed\WebRequestExtensions.cs:15 
  at UnityEngine.WWW..ctor (System.String url) [0x00009] in C:\buildslave\unity\build\Runtime\WebRequestWWW\UWRWWW.cs:16 
  at MiniAVC.Addon.FetchRemoteInfo () [0x00000] in <filename unknown>:0 
  at MiniAVC.Addon.ProcessRemoteInfo (System.Object state) [0x00000] in <filename unknown>:0 

[Exception 02:29:16.5075091]: UnityEngine.UnityException: InternalCreateBuffer can only be called from the main thread.
Constructors and field initializers will be executed from the loading thread when loading a scene.
Don't use this function in the constructor or field initializers, instead move initialization code to the Awake or Start function.
  at (wrapper managed-to-native) UnityEngine.Networking.DownloadHandler:InternalCreateBuffer ()
  at UnityEngine.Networking.DownloadHandlerBuffer..ctor () [0x00008] in C:\buildslave\unity\build\artifacts\generated\common\modules\UnityWebRequest\DownloadHandlerBindings.gen.cs:195 
  at UnityEngine.Networking.UnityWebRequest.Get (System.String uri) [0x00007] in C:\buildslave\unity\build\Runtime\WebRequest\Managed\WebRequestExtensions.cs:15 
  at UnityEngine.WWW..ctor (System.String url) [0x00009] in C:\buildslave\unity\build\Runtime\WebRequestWWW\UWRWWW.cs:16 
  at MiniAVC.Addon.FetchRemoteInfo () [0x00000] in <filename unknown>:0 
  at MiniAVC.Addon.ProcessRemoteInfo (System.Object state) [0x00000] in <filename unknown>:0 

[Exception 02:29:16.5075091]: UnityEngine.UnityException: InternalCreateBuffer can only be called from the main thread.
Constructors and field initializers will be executed from the loading thread when loading a scene.
Don't use this function in the constructor or field initializers, instead move initialization code to the Awake or Start function.
  at (wrapper managed-to-native) UnityEngine.Networking.DownloadHandler:InternalCreateBuffer ()
  at UnityEngine.Networking.DownloadHandlerBuffer..ctor () [0x00008] in C:\buildslave\unity\build\artifacts\generated\common\modules\UnityWebRequest\DownloadHandlerBindings.gen.cs:195 
  at UnityEngine.Networking.UnityWebRequest.Get (System.String uri) [0x00007] in C:\buildslave\unity\build\Runtime\WebRequest\Managed\WebRequestExtensions.cs:15 
  at UnityEngine.WWW..ctor (System.String url) [0x00009] in C:\buildslave\unity\build\Runtime\WebRequestWWW\UWRWWW.cs:16 
  at MiniAVC.Addon.FetchRemoteInfo () [0x00000] in <filename unknown>:0 
  at MiniAVC.Addon.ProcessRemoteInfo (System.Object state) [0x00000] in <filename unknown>:0 

[Exception 02:29:16.5075091]: UnityEngine.UnityException: InternalCreateBuffer can only be called from the main thread.
Constructors and field initializers will be executed from the loading thread when loading a scene.
Don't use this function in the constructor or field initializers, instead move initialization code to the Awake or Start function.
  at (wrapper managed-to-native) UnityEngine.Networking.DownloadHandler:InternalCreateBuffer ()
  at UnityEngine.Networking.DownloadHandlerBuffer..ctor () [0x00008] in C:\buildslave\unity\build\artifacts\generated\common\modules\UnityWebRequest\DownloadHandlerBindings.gen.cs:195 
  at UnityEngine.Networking.UnityWebRequest.Get (System.String uri) [0x00007] in C:\buildslave\unity\build\Runtime\WebRequest\Managed\WebRequestExtensions.cs:15 
  at UnityEngine.WWW..ctor (System.String url) [0x00009] in C:\buildslave\unity\build\Runtime\WebRequestWWW\UWRWWW.cs:16 
  at MiniAVC.Addon.FetchRemoteInfo () [0x00000] in <filename unknown>:0 
  at MiniAVC.Addon.ProcessRemoteInfo (System.Object state) [0x00000] in <filename unknown>:0 

[Log 02:29:16.5075091]: C:\Users\Lonnie\Desktop\Kerbal Space Program_1_6\GameData\ContractPacks\HistoricalProgression\HistoricalProgression.version
	NAME: Contract Pack: Historical Progression
	URL: http://ksp-avc.cybutek.net/version.php?id=321
	DOWNLOAD: http://spacedock.info/mod/829/Contract%20Pack:%20Historical%20Progression
	GITHUB: NULL
	VERSION: 1.6
	KSP_VERSION: 1.2.2
	KSP_VERSION_MIN: 1.2
	KSP_VERSION_MAX: 1.2.99
	CompatibleKspVersion: False
	CompatibleKspVersionMin: True
	CompatibleKspVersionMax: False
	CompatibleGitHubVersion: True

[Log 02:29:16.5095041]: C:\Users\Lonnie\Desktop\Kerbal Space Program_1_6\GameData\000_ClickThroughBlocker\ClickThroughBlocker.version
	NAME: ClickThroughBlocker
	URL: http://ksp.spacetux.net/avc/ClickThroughBlocker
	DOWNLOAD: https://github.com/linuxgurugamer/ClickThroughBlocker/releases
	GITHUB: linuxgurugamer/ClickThroughBlocker
		LatestRelease: NULL
		AllowPreRelease: False
	VERSION: 0.1.6.10
	KSP_VERSION: 1.5.1
	KSP_VERSION_MIN: 1.5.1
	KSP_VERSION_MAX: NULL
	CompatibleKspVersion: False
	CompatibleKspVersionMin: True
	CompatibleKspVersionMax: True
	CompatibleGitHubVersion: True

[Exception 02:29:16.5105010]: UnityEngine.UnityException: InternalCreateBuffer can only be called from the main thread.
Constructors and field initializers will be executed from the loading thread when loading a scene.
Don't use this function in the constructor or field initializers, instead move initialization code to the Awake or Start function.
  at (wrapper managed-to-native) UnityEngine.Networking.DownloadHandler:InternalCreateBuffer ()
  at UnityEngine.Networking.DownloadHandlerBuffer..ctor () [0x00008] in C:\buildslave\unity\build\artifacts\generated\common\modules\UnityWebRequest\DownloadHandlerBindings.gen.cs:195 
  at UnityEngine.Networking.UnityWebRequest.Get (System.String uri) [0x00007] in C:\buildslave\unity\build\Runtime\WebRequest\Managed\WebRequestExtensions.cs:15 
  at UnityEngine.WWW..ctor (System.String url) [0x00009] in C:\buildslave\unity\build\Runtime\WebRequestWWW\UWRWWW.cs:16 
  at MiniAVC.Addon.FetchRemoteInfo () [0x00000] in <filename unknown>:0 
  at MiniAVC.Addon.ProcessRemoteInfo (System.Object state) [0x00000] in <filename unknown>:0 

[Log 02:29:16.5105010]: C:\Users\Lonnie\Desktop\Kerbal Space Program_1_6\GameData\KerbalEngineer\KerbalEngineer.version
	NAME: Kerbal Engineer Redux
	URL: https://raw.githubusercontent.com/jrbudda/KerbalEngineer/master/Output/KerbalEngineer/KerbalEngineer.version
	DOWNLOAD: https://github.com/jrbudda/KerbalEngineer/releases
	GITHUB: NULL
	VERSION: 1.1.5.7
	KSP_VERSION: 1.6.1
	KSP_VERSION_MIN: 1.4
	KSP_VERSION_MAX: 1.6.9
	CompatibleKspVersion: True
	CompatibleKspVersionMin: True
	CompatibleKspVersionMax: True
	CompatibleGitHubVersion: True

[Log 02:29:16.5105010]: C:\Users\Lonnie\Desktop\Kerbal Space Program_1_6\GameData\000_Toolbar\Toolbar.version
	NAME: Toolbar
	URL: http://ksp.spacetux.net/avc/Toolbar
	DOWNLOAD: https://github.com/linuxgurugamer/ksp_toolbar/releases
	GITHUB: linuxgurugamer/ksp_toolbar
		LatestRelease: NULL
		AllowPreRelease: False
	VERSION: 1.7.17.15
	KSP_VERSION: 1.4.5
	KSP_VERSION_MIN: NULL
	KSP_VERSION_MAX: NULL
	CompatibleKspVersion: False
	CompatibleKspVersionMin: True
	CompatibleKspVersionMax: True
	CompatibleGitHubVersion: True

[Log 02:29:16.5105010]: C:\Users\Lonnie\Desktop\Kerbal Space Program_1_6\GameData\001_ToolbarControl\ToolbarControl.version
	NAME: ToolbarControl
	URL: http://ksp.spacetux.net/avc/ToolbarControl
	DOWNLOAD: https://github.com/linuxgurugamer/ToolbarControl/releases
	GITHUB: linuxgurugamer/ToolbarControl
		LatestRelease: NULL
		AllowPreRelease: False
	VERSION: 0.1.6.20
	KSP_VERSION: 1.5.1
	KSP_VERSION_MIN: 1.5.1
	KSP_VERSION_MAX: NULL
	CompatibleKspVersion: False
	CompatibleKspVersionMin: True
	CompatibleKspVersionMax: True
	CompatibleGitHubVersion: True

[Exception 02:29:16.5105010]: UnityEngine.UnityException: InternalCreateBuffer can only be called from the main thread.
Constructors and field initializers will be executed from the loading thread when loading a scene.
Don't use this function in the constructor or field initializers, instead move initialization code to the Awake or Start function.
  at (wrapper managed-to-native) UnityEngine.Networking.DownloadHandler:InternalCreateBuffer ()
  at UnityEngine.Networking.DownloadHandlerBuffer..ctor () [0x00008] in C:\buildslave\unity\build\artifacts\generated\common\modules\UnityWebRequest\DownloadHandlerBindings.gen.cs:195 
  at UnityEngine.Networking.UnityWebRequest.Get (System.String uri) [0x00007] in C:\buildslave\unity\build\Runtime\WebRequest\Managed\WebRequestExtensions.cs:15 
  at UnityEngine.WWW..ctor (System.String url) [0x00009] in C:\buildslave\unity\build\Runtime\WebRequestWWW\UWRWWW.cs:16 
  at MiniAVC.Addon.FetchRemoteInfo () [0x00000] in <filename unknown>:0 
  at MiniAVC.Addon.ProcessRemoteInfo (System.Object state) [0x00000] in <filename unknown>:0 

[Log 02:29:16.5105010]: C:\Users\Lonnie\Desktop\Kerbal Space Program_1_6\GameData\RCSBuildAid\RCSBuildAid.version
	NAME: RCS Build Aid
	URL: http://ksp.spacetux.net/avc/RCSBuildAid
	DOWNLOAD: https://github.com/linuxgurugamer/RCSBuildAid/releases
	GITHUB: linuxgurugamer/RCSBuildAid
		LatestRelease: NULL
		AllowPreRelease: False
	VERSION: 0.9.7.4
	KSP_VERSION: 1.5.1
	KSP_VERSION_MIN: 1.5.1
	KSP_VERSION_MAX: NULL
	CompatibleKspVersion: False
	CompatibleKspVersionMin: True
	CompatibleKspVersionMax: True
	CompatibleGitHubVersion: True

[Exception 02:29:16.5124973]: UnityEngine.UnityException: InternalCreateBuffer can only be called from the main thread.
Constructors and field initializers will be executed from the loading thread when loading a scene.
Don't use this function in the constructor or field initializers, instead move initialization code to the Awake or Start function.
  at (wrapper managed-to-native) UnityEngine.Networking.DownloadHandler:InternalCreateBuffer ()
  at UnityEngine.Networking.DownloadHandlerBuffer..ctor () [0x00008] in C:\buildslave\unity\build\artifacts\generated\common\modules\UnityWebRequest\DownloadHandlerBindings.gen.cs:195 
  at UnityEngine.Networking.UnityWebRequest.Get (System.String uri) [0x00007] in C:\buildslave\unity\build\Runtime\WebRequest\Managed\WebRequestExtensions.cs:15 
  at UnityEngine.WWW..ctor (System.String url) [0x00009] in C:\buildslave\unity\build\Runtime\WebRequestWWW\UWRWWW.cs:16 
  at MiniAVC.Addon.FetchRemoteInfo () [0x00000] in <filename unknown>:0 
  at MiniAVC.Addon.ProcessRemoteInfo (System.Object state) [0x00000] in <filename unknown>:0 

[Log 02:29:16.5124973]: C:\Users\Lonnie\Desktop\Kerbal Space Program_1_6\GameData\ScienceAlert\ScienceAlert.version
	NAME: ScienceAlert
	URL: http://ksp.spacetux.net/avc/ScienceAlert
	DOWNLOAD: https://spacedock.info/mod/1886/ScienceAlert%20ReAlerted
	GITHUB: linuxgurugamer/ScienceAlert
		LatestRelease: NULL
		AllowPreRelease: False
	VERSION: 1.9.5.3
	KSP_VERSION: 1.5.1
	KSP_VERSION_MIN: 1.5.1
	KSP_VERSION_MAX: NULL
	CompatibleKspVersion: False
	CompatibleKspVersionMin: True
	CompatibleKspVersionMax: True
	CompatibleGitHubVersion: True

[Exception 02:29:16.5144897]: UnityEngine.UnityException: InternalCreateBuffer can only be called from the main thread.
Constructors and field initializers will be executed from the loading thread when loading a scene.
Don't use this function in the constructor or field initializers, instead move initialization code to the Awake or Start function.
  at (wrapper managed-to-native) UnityEngine.Networking.DownloadHandler:InternalCreateBuffer ()
  at UnityEngine.Networking.DownloadHandlerBuffer..ctor () [0x00008] in C:\buildslave\unity\build\artifacts\generated\common\modules\UnityWebRequest\DownloadHandlerBindings.gen.cs:195 
  at UnityEngine.Networking.UnityWebRequest.Get (System.String uri) [0x00007] in C:\buildslave\unity\build\Runtime\WebRequest\Managed\WebRequestExtensions.cs:15 
  at UnityEngine.WWW..ctor (System.String url) [0x00009] in C:\buildslave\unity\build\Runtime\WebRequestWWW\UWRWWW.cs:16 
  at MiniAVC.Addon.FetchRemoteInfo () [0x00000] in <filename unknown>:0 
  at MiniAVC.Addon.ProcessRemoteInfo (System.Object state) [0x00000] in <filename unknown>:0 

[Log 02:29:16.5144897]: C:\Users\Lonnie\Desktop\Kerbal Space Program_1_6\GameData\[x] Science!\[x] Science!.version
	NAME: [x] Science!
	URL: https://themoose.co.uk/ksp/%5Bx%5D%20Science!.version
	DOWNLOAD: https://themoose.co.uk/ksp/downloads.html
	GITHUB: NULL
	VERSION: 5.19
	KSP_VERSION: 1.6
	KSP_VERSION_MIN: NULL
	KSP_VERSION_MAX: NULL
	CompatibleKspVersion: False
	CompatibleKspVersionMin: True
	CompatibleKspVersionMax: True
	CompatibleGitHubVersion: True

[Log 02:29:16.6751567]: IssueGui was created.
[Log 02:29:16.6921109]: Starter was destroyed.
[Log 02:29:30.6603113]: IssueGui was destroyed.
[Log 02:29:30.6752588]: IssueGui was created.
[Log 02:29:32.9447258]: IssueGui was destroyed.
[Log 02:29:32.9849217]: IssueGui was created.
[Log 02:29:33.9836546]: IssueGui was destroyed.
[Log 02:29:39.0860662]: Starter was destroyed.
[Log 02:29:50.2013165]: Starter was destroyed.
